<?xml version="1.0" encoding="UTF-8"?>
<testng-results ignored="0" total="19" passed="17" failed="2" skipped="0">
  <reporter-output>
  </reporter-output>
  <suite started-at="2020-06-17T02:51:33 IST" name="Udemy Automation Suite" finished-at="2020-06-17T02:54:23 IST" duration-ms="169560">
    <groups>
    </groups>
    <test started-at="2020-06-17T02:51:33 IST" name="Udemy Application TestCases" finished-at="2020-06-17T02:54:23 IST" duration-ms="169560">
      <class name="com.udemy.qa.testcases.UdemyBusinessPageTest">
        <test-method is-config="true" signature="setUp()[pri:0, instance:com.udemy.qa.testcases.UdemyBusinessPageTest@4c1d9d4b]" started-at="2020-06-17T02:51:56 IST" name="setUp" finished-at="2020-06-17T02:51:59 IST" duration-ms="3748" status="PASS">
          <reporter-output>
          </reporter-output>
        </test-method> <!-- setUp -->
        <test-method signature="udemyBusinessDemoFormTest(java.lang.String, java.lang.String, java.lang.String, java.lang.String, java.lang.String, java.lang.String)[pri:1, instance:com.udemy.qa.testcases.UdemyBusinessPageTest@4c1d9d4b]" started-at="2020-06-17T02:51:59 IST" name="udemyBusinessDemoFormTest" data-provider="udemyTestData" finished-at="2020-06-17T02:52:10 IST" duration-ms="10575" status="PASS">
          <params>
            <param index="0">
              <value>
                <![CDATA[Hemanth]]>
              </value>
            </param>
            <param index="1">
              <value>
                <![CDATA[Mudra]]>
              </value>
            </param>
            <param index="2">
              <value>
                <![CDATA[hemanthmudra.com]]>
              </value>
            </param>
            <param index="3">
              <value>
                <![CDATA[breakers.zip]]>
              </value>
            </param>
            <param index="4">
              <value>
                <![CDATA[Talent Manager]]>
              </value>
            </param>
            <param index="5">
              <value>
                <![CDATA[Empowering individuals to write efficient and bug-free code]]>
              </value>
            </param>
          </params>
          <reporter-output>
          </reporter-output>
        </test-method> <!-- udemyBusinessDemoFormTest -->
        <test-method is-config="true" signature="tearDown()[pri:0, instance:com.udemy.qa.testcases.UdemyBusinessPageTest@4c1d9d4b]" started-at="2020-06-17T02:52:10 IST" name="tearDown" finished-at="2020-06-17T02:52:10 IST" duration-ms="188" status="PASS">
          <reporter-output>
          </reporter-output>
        </test-method> <!-- tearDown -->
        <test-method is-config="true" signature="setUp()[pri:0, instance:com.udemy.qa.testcases.UdemyBusinessPageTest@4c1d9d4b]" started-at="2020-06-17T02:52:10 IST" name="setUp" finished-at="2020-06-17T02:52:15 IST" duration-ms="4445" status="PASS">
          <reporter-output>
          </reporter-output>
        </test-method> <!-- setUp -->
        <test-method signature="udemyBusinessDemoFormTest(java.lang.String, java.lang.String, java.lang.String, java.lang.String, java.lang.String, java.lang.String)[pri:1, instance:com.udemy.qa.testcases.UdemyBusinessPageTest@4c1d9d4b]" started-at="2020-06-17T02:52:15 IST" name="udemyBusinessDemoFormTest" data-provider="udemyTestData" finished-at="2020-06-17T02:52:23 IST" duration-ms="8402" status="PASS">
          <params>
            <param index="0">
              <value>
                <![CDATA[Rimisha]]>
              </value>
            </param>
            <param index="1">
              <value>
                <![CDATA[Gupta]]>
              </value>
            </param>
            <param index="2">
              <value>
                <![CDATA[rimisha]]>
              </value>
            </param>
            <param index="3">
              <value>
                <![CDATA[breakers.zip]]>
              </value>
            </param>
            <param index="4">
              <value>
                <![CDATA[Talent Manager]]>
              </value>
            </param>
            <param index="5">
              <value>
                <![CDATA[Empowering individuals to write efficient and bug-free code]]>
              </value>
            </param>
          </params>
          <reporter-output>
          </reporter-output>
        </test-method> <!-- udemyBusinessDemoFormTest -->
        <test-method is-config="true" signature="tearDown()[pri:0, instance:com.udemy.qa.testcases.UdemyBusinessPageTest@4c1d9d4b]" started-at="2020-06-17T02:52:23 IST" name="tearDown" finished-at="2020-06-17T02:52:23 IST" duration-ms="199" status="PASS">
          <reporter-output>
          </reporter-output>
        </test-method> <!-- tearDown -->
        <test-method is-config="true" signature="setUp()[pri:0, instance:com.udemy.qa.testcases.UdemyBusinessPageTest@4c1d9d4b]" started-at="2020-06-17T02:52:23 IST" name="setUp" finished-at="2020-06-17T02:52:27 IST" duration-ms="3804" status="PASS">
          <reporter-output>
          </reporter-output>
        </test-method> <!-- setUp -->
        <test-method signature="udemyBusinessDemoFormTest(java.lang.String, java.lang.String, java.lang.String, java.lang.String, java.lang.String, java.lang.String)[pri:1, instance:com.udemy.qa.testcases.UdemyBusinessPageTest@4c1d9d4b]" started-at="2020-06-17T02:52:27 IST" name="udemyBusinessDemoFormTest" data-provider="udemyTestData" finished-at="2020-06-17T02:52:45 IST" duration-ms="18259" status="FAIL">
          <params>
            <param index="0">
              <value>
                <![CDATA[Prateek]]>
              </value>
            </param>
            <param index="1">
              <value>
                <![CDATA[LNU]]>
              </value>
            </param>
            <param index="2">
              <value>
                <![CDATA[prateek@hero]]>
              </value>
            </param>
            <param index="3">
              <value>
                <![CDATA[breakers.zip]]>
              </value>
            </param>
            <param index="4">
              <value>
                <![CDATA[Talent Manager]]>
              </value>
            </param>
            <param index="5">
              <value>
                <![CDATA[Empowering individuals to write efficient and bug-free code]]>
              </value>
            </param>
          </params>
          <exception class="org.openqa.selenium.NoSuchElementException">
            <message>
              <![CDATA[no such element: Unable to locate element: {"method":"xpath","selector":"//*[@class='mktoErrorMsg']"}
  (Session info: chrome=83.0.4103.106)
For documentation on this error, please visit: https://www.seleniumhq.org/exceptions/no_such_element.html
Build info: version: '3.141.59', revision: 'e82be7d358', time: '2018-11-14T08:17:03'
System info: host: 'hems', ip: '127.0.1.1', os.name: 'Linux', os.arch: 'amd64', os.version: '5.4.0-37-generic', java.version: '11.0.7'
Driver info: org.openqa.selenium.chrome.ChromeDriver
Capabilities {acceptInsecureCerts: false, browserName: chrome, browserVersion: 83.0.4103.106, chrome: {chromedriverVersion: 83.0.4103.39 (ccbf011cb2d2b..., userDataDir: /tmp/.com.google.Chrome.6b8grv}, goog:chromeOptions: {debuggerAddress: localhost:42115}, javascriptEnabled: true, networkConnectionEnabled: false, pageLoadStrategy: normal, platform: LINUX, platformName: LINUX, proxy: Proxy(), setWindowRect: true, strictFileInteractability: false, timeouts: {implicit: 0, pageLoad: 300000, script: 30000}, unhandledPromptBehavior: dismiss and notify, webauthn:virtualAuthenticators: true}
Session ID: 0f1bf0f5c13d6b2c54249a2d4ea7c1da
*** Element info: {Using=xpath, value=//*[@class='mktoErrorMsg']}]]>
            </message>
            <full-stacktrace>
              <![CDATA[org.openqa.selenium.NoSuchElementException: no such element: Unable to locate element: {"method":"xpath","selector":"//*[@class='mktoErrorMsg']"}
  (Session info: chrome=83.0.4103.106)
For documentation on this error, please visit: https://www.seleniumhq.org/exceptions/no_such_element.html
Build info: version: '3.141.59', revision: 'e82be7d358', time: '2018-11-14T08:17:03'
System info: host: 'hems', ip: '127.0.1.1', os.name: 'Linux', os.arch: 'amd64', os.version: '5.4.0-37-generic', java.version: '11.0.7'
Driver info: org.openqa.selenium.chrome.ChromeDriver
Capabilities {acceptInsecureCerts: false, browserName: chrome, browserVersion: 83.0.4103.106, chrome: {chromedriverVersion: 83.0.4103.39 (ccbf011cb2d2b..., userDataDir: /tmp/.com.google.Chrome.6b8grv}, goog:chromeOptions: {debuggerAddress: localhost:42115}, javascriptEnabled: true, networkConnectionEnabled: false, pageLoadStrategy: normal, platform: LINUX, platformName: LINUX, proxy: Proxy(), setWindowRect: true, strictFileInteractability: false, timeouts: {implicit: 0, pageLoad: 300000, script: 30000}, unhandledPromptBehavior: dismiss and notify, webauthn:virtualAuthenticators: true}
Session ID: 0f1bf0f5c13d6b2c54249a2d4ea7c1da
*** Element info: {Using=xpath, value=//*[@class='mktoErrorMsg']}
at java.base/jdk.internal.reflect.NativeConstructorAccessorImpl.newInstance0(Native Method)
at java.base/jdk.internal.reflect.NativeConstructorAccessorImpl.newInstance(NativeConstructorAccessorImpl.java:62)
at java.base/jdk.internal.reflect.DelegatingConstructorAccessorImpl.newInstance(DelegatingConstructorAccessorImpl.java:45)
at java.base/java.lang.reflect.Constructor.newInstance(Constructor.java:490)
at org.openqa.selenium.remote.http.W3CHttpResponseCodec.createException(W3CHttpResponseCodec.java:187)
at org.openqa.selenium.remote.http.W3CHttpResponseCodec.decode(W3CHttpResponseCodec.java:122)
at org.openqa.selenium.remote.http.W3CHttpResponseCodec.decode(W3CHttpResponseCodec.java:49)
at org.openqa.selenium.remote.HttpCommandExecutor.execute(HttpCommandExecutor.java:158)
at org.openqa.selenium.remote.service.DriverCommandExecutor.execute(DriverCommandExecutor.java:83)
at org.openqa.selenium.remote.RemoteWebDriver.execute(RemoteWebDriver.java:552)
at org.openqa.selenium.remote.RemoteWebDriver.findElement(RemoteWebDriver.java:323)
at org.openqa.selenium.remote.RemoteWebDriver.findElementByXPath(RemoteWebDriver.java:428)
at org.openqa.selenium.By$ByXPath.findElement(By.java:353)
at org.openqa.selenium.remote.RemoteWebDriver.findElement(RemoteWebDriver.java:315)
at jdk.internal.reflect.GeneratedMethodAccessor9.invoke(Unknown Source)
at java.base/jdk.internal.reflect.DelegatingMethodAccessorImpl.invoke(DelegatingMethodAccessorImpl.java:43)
at java.base/java.lang.reflect.Method.invoke(Method.java:566)
at org.openqa.selenium.support.events.EventFiringWebDriver.lambda$new$1(EventFiringWebDriver.java:105)
at com.sun.proxy.$Proxy13.findElement(Unknown Source)
at org.openqa.selenium.support.events.EventFiringWebDriver.findElement(EventFiringWebDriver.java:194)
at org.openqa.selenium.support.pagefactory.DefaultElementLocator.findElement(DefaultElementLocator.java:69)
at org.openqa.selenium.support.pagefactory.internal.LocatingElementHandler.invoke(LocatingElementHandler.java:38)
at com.sun.proxy.$Proxy17.getWrappedElement(Unknown Source)
at org.openqa.selenium.remote.internal.WebElementToJsonConverter.apply(WebElementToJsonConverter.java:50)
at java.base/java.util.stream.ReferencePipeline$3$1.accept(ReferencePipeline.java:195)
at java.base/java.util.Spliterators$ArraySpliterator.forEachRemaining(Spliterators.java:948)
at java.base/java.util.stream.AbstractPipeline.copyInto(AbstractPipeline.java:484)
at java.base/java.util.stream.AbstractPipeline.wrapAndCopyInto(AbstractPipeline.java:474)
at java.base/java.util.stream.ReduceOps$ReduceOp.evaluateSequential(ReduceOps.java:913)
at java.base/java.util.stream.AbstractPipeline.evaluate(AbstractPipeline.java:234)
at java.base/java.util.stream.ReferencePipeline.collect(ReferencePipeline.java:578)
at org.openqa.selenium.remote.RemoteWebDriver.executeScript(RemoteWebDriver.java:484)
at java.base/jdk.internal.reflect.NativeMethodAccessorImpl.invoke0(Native Method)
at java.base/jdk.internal.reflect.NativeMethodAccessorImpl.invoke(NativeMethodAccessorImpl.java:62)
at java.base/jdk.internal.reflect.DelegatingMethodAccessorImpl.invoke(DelegatingMethodAccessorImpl.java:43)
at java.base/java.lang.reflect.Method.invoke(Method.java:566)
at org.openqa.selenium.support.events.EventFiringWebDriver.lambda$new$1(EventFiringWebDriver.java:105)
at com.sun.proxy.$Proxy13.executeScript(Unknown Source)
at org.openqa.selenium.support.events.EventFiringWebDriver.executeScript(EventFiringWebDriver.java:229)
at com.udemy.qa.pages.UdemyBusinessPage.fillDemoRequestForm(UdemyBusinessPage.java:82)
at com.udemy.qa.testcases.UdemyBusinessPageTest.udemyBusinessDemoFormTest(UdemyBusinessPageTest.java:35)
at java.base/jdk.internal.reflect.NativeMethodAccessorImpl.invoke0(Native Method)
at java.base/jdk.internal.reflect.NativeMethodAccessorImpl.invoke(NativeMethodAccessorImpl.java:62)
at java.base/jdk.internal.reflect.DelegatingMethodAccessorImpl.invoke(DelegatingMethodAccessorImpl.java:43)
at java.base/java.lang.reflect.Method.invoke(Method.java:566)
at org.testng.internal.MethodInvocationHelper.invokeMethod(MethodInvocationHelper.java:134)
at org.testng.internal.TestInvoker.invokeMethod(TestInvoker.java:597)
at org.testng.internal.TestInvoker.invokeTestMethod(TestInvoker.java:173)
at org.testng.internal.MethodRunner.runInSequence(MethodRunner.java:46)
at org.testng.internal.TestInvoker$MethodInvocationAgent.invoke(TestInvoker.java:816)
at org.testng.internal.TestInvoker.invokeTestMethods(TestInvoker.java:146)
at org.testng.internal.TestMethodWorker.invokeTestMethods(TestMethodWorker.java:146)
at org.testng.internal.TestMethodWorker.run(TestMethodWorker.java:128)
at java.base/java.util.ArrayList.forEach(ArrayList.java:1540)
at org.testng.TestRunner.privateRun(TestRunner.java:766)
at org.testng.TestRunner.run(TestRunner.java:587)
at org.testng.SuiteRunner.runTest(SuiteRunner.java:384)
at org.testng.SuiteRunner.runSequentially(SuiteRunner.java:378)
at org.testng.SuiteRunner.privateRun(SuiteRunner.java:337)
at org.testng.SuiteRunner.run(SuiteRunner.java:286)
at org.testng.SuiteRunnerWorker.runSuite(SuiteRunnerWorker.java:53)
at org.testng.SuiteRunnerWorker.run(SuiteRunnerWorker.java:96)
at org.testng.TestNG.runSuitesSequentially(TestNG.java:1187)
at org.testng.TestNG.runSuitesLocally(TestNG.java:1109)
at org.testng.TestNG.runSuites(TestNG.java:1039)
at org.testng.TestNG.run(TestNG.java:1007)
at org.testng.remote.AbstractRemoteTestNG.run(AbstractRemoteTestNG.java:115)
at org.testng.remote.RemoteTestNG.initAndRun(RemoteTestNG.java:251)
at org.testng.remote.RemoteTestNG.main(RemoteTestNG.java:77)
]]>
            </full-stacktrace>
          </exception> <!-- org.openqa.selenium.NoSuchElementException -->
          <reporter-output>
          </reporter-output>
        </test-method> <!-- udemyBusinessDemoFormTest -->
        <test-method is-config="true" signature="tearDown()[pri:0, instance:com.udemy.qa.testcases.UdemyBusinessPageTest@4c1d9d4b]" started-at="2020-06-17T02:52:45 IST" name="tearDown" finished-at="2020-06-17T02:52:45 IST" duration-ms="179" status="PASS">
          <reporter-output>
          </reporter-output>
        </test-method> <!-- tearDown -->
        <test-method is-config="true" signature="setUp()[pri:0, instance:com.udemy.qa.testcases.UdemyBusinessPageTest@4c1d9d4b]" started-at="2020-06-17T02:52:45 IST" name="setUp" finished-at="2020-06-17T02:52:49 IST" duration-ms="3671" status="PASS">
          <reporter-output>
          </reporter-output>
        </test-method> <!-- setUp -->
        <test-method signature="udemyBusinessDemoFormTest(java.lang.String, java.lang.String, java.lang.String, java.lang.String, java.lang.String, java.lang.String)[pri:1, instance:com.udemy.qa.testcases.UdemyBusinessPageTest@4c1d9d4b]" started-at="2020-06-17T02:52:49 IST" name="udemyBusinessDemoFormTest" data-provider="udemyTestData" finished-at="2020-06-17T02:52:56 IST" duration-ms="7425" status="PASS">
          <params>
            <param index="0">
              <value>
                <![CDATA[Prashanth Ujjwal]]>
              </value>
            </param>
            <param index="1">
              <value>
                <![CDATA[Kumar]]>
              </value>
            </param>
            <param index="2">
              <value>
                <![CDATA[Prashanth#132]]>
              </value>
            </param>
            <param index="3">
              <value>
                <![CDATA[breakers.zip]]>
              </value>
            </param>
            <param index="4">
              <value>
                <![CDATA[Talent Manager]]>
              </value>
            </param>
            <param index="5">
              <value>
                <![CDATA[Empowering individuals to write efficient and bug-free code]]>
              </value>
            </param>
          </params>
          <reporter-output>
          </reporter-output>
        </test-method> <!-- udemyBusinessDemoFormTest -->
        <test-method is-config="true" signature="tearDown()[pri:0, instance:com.udemy.qa.testcases.UdemyBusinessPageTest@4c1d9d4b]" started-at="2020-06-17T02:52:56 IST" name="tearDown" finished-at="2020-06-17T02:52:57 IST" duration-ms="137" status="PASS">
          <reporter-output>
          </reporter-output>
        </test-method> <!-- tearDown -->
        <test-method is-config="true" signature="setUp()[pri:0, instance:com.udemy.qa.testcases.UdemyBusinessPageTest@4c1d9d4b]" started-at="2020-06-17T02:52:57 IST" name="setUp" finished-at="2020-06-17T02:53:02 IST" duration-ms="5094" status="PASS">
          <reporter-output>
          </reporter-output>
        </test-method> <!-- setUp -->
        <test-method signature="udemyBusinessDemoFormTest(java.lang.String, java.lang.String, java.lang.String, java.lang.String, java.lang.String, java.lang.String)[pri:1, instance:com.udemy.qa.testcases.UdemyBusinessPageTest@4c1d9d4b]" started-at="2020-06-17T02:53:02 IST" name="udemyBusinessDemoFormTest" data-provider="udemyTestData" finished-at="2020-06-17T02:53:09 IST" duration-ms="6831" status="PASS">
          <params>
            <param index="0">
              <value>
                <![CDATA[breakers]]>
              </value>
            </param>
            <param index="1">
              <value>
                <![CDATA[zip]]>
              </value>
            </param>
            <param index="2">
              <value>
                <![CDATA[@$.com]]>
              </value>
            </param>
            <param index="3">
              <value>
                <![CDATA[breakers.zip]]>
              </value>
            </param>
            <param index="4">
              <value>
                <![CDATA[Talent Manager]]>
              </value>
            </param>
            <param index="5">
              <value>
                <![CDATA[Empowering individuals to write efficient and bug-free code]]>
              </value>
            </param>
          </params>
          <reporter-output>
          </reporter-output>
        </test-method> <!-- udemyBusinessDemoFormTest -->
        <test-method is-config="true" signature="tearDown()[pri:0, instance:com.udemy.qa.testcases.UdemyBusinessPageTest@4c1d9d4b]" started-at="2020-06-17T02:53:09 IST" name="tearDown" finished-at="2020-06-17T02:53:09 IST" duration-ms="194" status="PASS">
          <reporter-output>
          </reporter-output>
        </test-method> <!-- tearDown -->
        <test-method is-config="true" signature="setUp()[pri:0, instance:com.udemy.qa.testcases.UdemyBusinessPageTest@4c1d9d4b]" started-at="2020-06-17T02:53:09 IST" name="setUp" finished-at="2020-06-17T02:53:14 IST" duration-ms="5034" status="PASS">
          <reporter-output>
          </reporter-output>
        </test-method> <!-- setUp -->
        <test-method signature="udemyBusinessDemoFormTest(java.lang.String, java.lang.String, java.lang.String, java.lang.String, java.lang.String, java.lang.String)[pri:1, instance:com.udemy.qa.testcases.UdemyBusinessPageTest@4c1d9d4b]" started-at="2020-06-17T02:53:14 IST" name="udemyBusinessDemoFormTest" data-provider="udemyTestData" finished-at="2020-06-17T02:53:22 IST" duration-ms="8344" status="PASS">
          <params>
            <param index="0">
              <value>
                <![CDATA[breakers]]>
              </value>
            </param>
            <param index="1">
              <value>
                <![CDATA[zip]]>
              </value>
            </param>
            <param index="2">
              <value>
                <![CDATA[#1]]>
              </value>
            </param>
            <param index="3">
              <value>
                <![CDATA[breakers.zip]]>
              </value>
            </param>
            <param index="4">
              <value>
                <![CDATA[Talent Manager]]>
              </value>
            </param>
            <param index="5">
              <value>
                <![CDATA[Empowering individuals to write efficient and bug-free code]]>
              </value>
            </param>
          </params>
          <reporter-output>
          </reporter-output>
        </test-method> <!-- udemyBusinessDemoFormTest -->
        <test-method is-config="true" signature="tearDown()[pri:0, instance:com.udemy.qa.testcases.UdemyBusinessPageTest@4c1d9d4b]" started-at="2020-06-17T02:53:22 IST" name="tearDown" finished-at="2020-06-17T02:53:22 IST" duration-ms="180" status="PASS">
          <reporter-output>
          </reporter-output>
        </test-method> <!-- tearDown -->
        <test-method is-config="true" signature="setUp()[pri:0, instance:com.udemy.qa.testcases.UdemyBusinessPageTest@4c1d9d4b]" started-at="2020-06-17T02:53:22 IST" name="setUp" finished-at="2020-06-17T02:53:27 IST" duration-ms="5131" status="PASS">
          <reporter-output>
          </reporter-output>
        </test-method> <!-- setUp -->
        <test-method signature="udemyBusinessDemoFormTest(java.lang.String, java.lang.String, java.lang.String, java.lang.String, java.lang.String, java.lang.String)[pri:1, instance:com.udemy.qa.testcases.UdemyBusinessPageTest@4c1d9d4b]" started-at="2020-06-17T02:53:27 IST" name="udemyBusinessDemoFormTest" data-provider="udemyTestData" finished-at="2020-06-17T02:53:34 IST" duration-ms="6515" status="PASS">
          <params>
            <param index="0">
              <value>
                <![CDATA[breakers]]>
              </value>
            </param>
            <param index="1">
              <value>
                <![CDATA[zip]]>
              </value>
            </param>
            <param index="2">
              <value>
                <![CDATA[123.0]]>
              </value>
            </param>
            <param index="3">
              <value>
                <![CDATA[breakers.zip]]>
              </value>
            </param>
            <param index="4">
              <value>
                <![CDATA[Talent Manager]]>
              </value>
            </param>
            <param index="5">
              <value>
                <![CDATA[Empowering individuals to write efficient and bug-free code]]>
              </value>
            </param>
          </params>
          <reporter-output>
          </reporter-output>
        </test-method> <!-- udemyBusinessDemoFormTest -->
        <test-method is-config="true" signature="tearDown()[pri:0, instance:com.udemy.qa.testcases.UdemyBusinessPageTest@4c1d9d4b]" started-at="2020-06-17T02:53:34 IST" name="tearDown" finished-at="2020-06-17T02:53:34 IST" duration-ms="197" status="PASS">
          <reporter-output>
          </reporter-output>
        </test-method> <!-- tearDown -->
        <test-method is-config="true" signature="setUp()[pri:0, instance:com.udemy.qa.testcases.UdemyBusinessPageTest@4c1d9d4b]" started-at="2020-06-17T02:53:34 IST" name="setUp" finished-at="2020-06-17T02:53:39 IST" duration-ms="4982" status="PASS">
          <reporter-output>
          </reporter-output>
        </test-method> <!-- setUp -->
        <test-method signature="udemyBusinessDemoFormTest(java.lang.String, java.lang.String, java.lang.String, java.lang.String, java.lang.String, java.lang.String)[pri:1, instance:com.udemy.qa.testcases.UdemyBusinessPageTest@4c1d9d4b]" started-at="2020-06-17T02:53:39 IST" name="udemyBusinessDemoFormTest" data-provider="udemyTestData" finished-at="2020-06-17T02:53:48 IST" duration-ms="8533" status="PASS">
          <params>
            <param index="0">
              <value>
                <![CDATA[breakers]]>
              </value>
            </param>
            <param index="1">
              <value>
                <![CDATA[zip]]>
              </value>
            </param>
            <param index="2">
              <value>
                <![CDATA[123.com]]>
              </value>
            </param>
            <param index="3">
              <value>
                <![CDATA[breakers.zip]]>
              </value>
            </param>
            <param index="4">
              <value>
                <![CDATA[Talent Manager]]>
              </value>
            </param>
            <param index="5">
              <value>
                <![CDATA[Empowering individuals to write efficient and bug-free code]]>
              </value>
            </param>
          </params>
          <reporter-output>
          </reporter-output>
        </test-method> <!-- udemyBusinessDemoFormTest -->
        <test-method is-config="true" signature="tearDown()[pri:0, instance:com.udemy.qa.testcases.UdemyBusinessPageTest@4c1d9d4b]" started-at="2020-06-17T02:53:48 IST" name="tearDown" finished-at="2020-06-17T02:53:48 IST" duration-ms="141" status="PASS">
          <reporter-output>
          </reporter-output>
        </test-method> <!-- tearDown -->
        <test-method is-config="true" signature="setUp()[pri:0, instance:com.udemy.qa.testcases.UdemyBusinessPageTest@4c1d9d4b]" started-at="2020-06-17T02:53:48 IST" name="setUp" finished-at="2020-06-17T02:53:51 IST" duration-ms="3261" status="PASS">
          <reporter-output>
          </reporter-output>
        </test-method> <!-- setUp -->
        <test-method signature="udemyBusinessDemoFormTest(java.lang.String, java.lang.String, java.lang.String, java.lang.String, java.lang.String, java.lang.String)[pri:1, instance:com.udemy.qa.testcases.UdemyBusinessPageTest@4c1d9d4b]" started-at="2020-06-17T02:53:51 IST" name="udemyBusinessDemoFormTest" data-provider="udemyTestData" finished-at="2020-06-17T02:53:59 IST" duration-ms="8029" status="PASS">
          <params>
            <param index="0">
              <value>
                <![CDATA[breakers]]>
              </value>
            </param>
            <param index="1">
              <value>
                <![CDATA[zip]]>
              </value>
            </param>
            <param index="2">
              <value>
                <![CDATA[123@.com]]>
              </value>
            </param>
            <param index="3">
              <value>
                <![CDATA[breakers.zip]]>
              </value>
            </param>
            <param index="4">
              <value>
                <![CDATA[Talent Manager]]>
              </value>
            </param>
            <param index="5">
              <value>
                <![CDATA[Empowering individuals to write efficient and bug-free code]]>
              </value>
            </param>
          </params>
          <reporter-output>
          </reporter-output>
        </test-method> <!-- udemyBusinessDemoFormTest -->
        <test-method is-config="true" signature="tearDown()[pri:0, instance:com.udemy.qa.testcases.UdemyBusinessPageTest@4c1d9d4b]" started-at="2020-06-17T02:53:59 IST" name="tearDown" finished-at="2020-06-17T02:53:59 IST" duration-ms="135" status="PASS">
          <reporter-output>
          </reporter-output>
        </test-method> <!-- tearDown -->
        <test-method is-config="true" signature="setUp()[pri:0, instance:com.udemy.qa.testcases.UdemyBusinessPageTest@4c1d9d4b]" started-at="2020-06-17T02:53:59 IST" name="setUp" finished-at="2020-06-17T02:54:04 IST" duration-ms="4801" status="PASS">
          <reporter-output>
          </reporter-output>
        </test-method> <!-- setUp -->
        <test-method signature="udemyBusinessDemoFormTest(java.lang.String, java.lang.String, java.lang.String, java.lang.String, java.lang.String, java.lang.String)[pri:1, instance:com.udemy.qa.testcases.UdemyBusinessPageTest@4c1d9d4b]" started-at="2020-06-17T02:54:04 IST" name="udemyBusinessDemoFormTest" data-provider="udemyTestData" finished-at="2020-06-17T02:54:23 IST" duration-ms="18502" status="FAIL">
          <params>
            <param index="0">
              <value>
                <![CDATA[breakers]]>
              </value>
            </param>
            <param index="1">
              <value>
                <![CDATA[zip]]>
              </value>
            </param>
            <param index="2">
              <value>
                <![CDATA[hello@hi]]>
              </value>
            </param>
            <param index="3">
              <value>
                <![CDATA[breakers.zip]]>
              </value>
            </param>
            <param index="4">
              <value>
                <![CDATA[Talent Manager]]>
              </value>
            </param>
            <param index="5">
              <value>
                <![CDATA[Empowering individuals to write efficient and bug-free code]]>
              </value>
            </param>
          </params>
          <exception class="org.openqa.selenium.NoSuchElementException">
            <message>
              <![CDATA[no such element: Unable to locate element: {"method":"xpath","selector":"//*[@class='mktoErrorMsg']"}
  (Session info: chrome=83.0.4103.106)
For documentation on this error, please visit: https://www.seleniumhq.org/exceptions/no_such_element.html
Build info: version: '3.141.59', revision: 'e82be7d358', time: '2018-11-14T08:17:03'
System info: host: 'hems', ip: '127.0.1.1', os.name: 'Linux', os.arch: 'amd64', os.version: '5.4.0-37-generic', java.version: '11.0.7'
Driver info: org.openqa.selenium.chrome.ChromeDriver
Capabilities {acceptInsecureCerts: false, browserName: chrome, browserVersion: 83.0.4103.106, chrome: {chromedriverVersion: 83.0.4103.39 (ccbf011cb2d2b..., userDataDir: /tmp/.com.google.Chrome.DgYYaf}, goog:chromeOptions: {debuggerAddress: localhost:45775}, javascriptEnabled: true, networkConnectionEnabled: false, pageLoadStrategy: normal, platform: LINUX, platformName: LINUX, proxy: Proxy(), setWindowRect: true, strictFileInteractability: false, timeouts: {implicit: 0, pageLoad: 300000, script: 30000}, unhandledPromptBehavior: dismiss and notify, webauthn:virtualAuthenticators: true}
Session ID: 816246020c61d50af44054aee6dc535e
*** Element info: {Using=xpath, value=//*[@class='mktoErrorMsg']}]]>
            </message>
            <full-stacktrace>
              <![CDATA[org.openqa.selenium.NoSuchElementException: no such element: Unable to locate element: {"method":"xpath","selector":"//*[@class='mktoErrorMsg']"}
  (Session info: chrome=83.0.4103.106)
For documentation on this error, please visit: https://www.seleniumhq.org/exceptions/no_such_element.html
Build info: version: '3.141.59', revision: 'e82be7d358', time: '2018-11-14T08:17:03'
System info: host: 'hems', ip: '127.0.1.1', os.name: 'Linux', os.arch: 'amd64', os.version: '5.4.0-37-generic', java.version: '11.0.7'
Driver info: org.openqa.selenium.chrome.ChromeDriver
Capabilities {acceptInsecureCerts: false, browserName: chrome, browserVersion: 83.0.4103.106, chrome: {chromedriverVersion: 83.0.4103.39 (ccbf011cb2d2b..., userDataDir: /tmp/.com.google.Chrome.DgYYaf}, goog:chromeOptions: {debuggerAddress: localhost:45775}, javascriptEnabled: true, networkConnectionEnabled: false, pageLoadStrategy: normal, platform: LINUX, platformName: LINUX, proxy: Proxy(), setWindowRect: true, strictFileInteractability: false, timeouts: {implicit: 0, pageLoad: 300000, script: 30000}, unhandledPromptBehavior: dismiss and notify, webauthn:virtualAuthenticators: true}
Session ID: 816246020c61d50af44054aee6dc535e
*** Element info: {Using=xpath, value=//*[@class='mktoErrorMsg']}
at java.base/jdk.internal.reflect.NativeConstructorAccessorImpl.newInstance0(Native Method)
at java.base/jdk.internal.reflect.NativeConstructorAccessorImpl.newInstance(NativeConstructorAccessorImpl.java:62)
at java.base/jdk.internal.reflect.DelegatingConstructorAccessorImpl.newInstance(DelegatingConstructorAccessorImpl.java:45)
at java.base/java.lang.reflect.Constructor.newInstance(Constructor.java:490)
at org.openqa.selenium.remote.http.W3CHttpResponseCodec.createException(W3CHttpResponseCodec.java:187)
at org.openqa.selenium.remote.http.W3CHttpResponseCodec.decode(W3CHttpResponseCodec.java:122)
at org.openqa.selenium.remote.http.W3CHttpResponseCodec.decode(W3CHttpResponseCodec.java:49)
at org.openqa.selenium.remote.HttpCommandExecutor.execute(HttpCommandExecutor.java:158)
at org.openqa.selenium.remote.service.DriverCommandExecutor.execute(DriverCommandExecutor.java:83)
at org.openqa.selenium.remote.RemoteWebDriver.execute(RemoteWebDriver.java:552)
at org.openqa.selenium.remote.RemoteWebDriver.findElement(RemoteWebDriver.java:323)
at org.openqa.selenium.remote.RemoteWebDriver.findElementByXPath(RemoteWebDriver.java:428)
at org.openqa.selenium.By$ByXPath.findElement(By.java:353)
at org.openqa.selenium.remote.RemoteWebDriver.findElement(RemoteWebDriver.java:315)
at jdk.internal.reflect.GeneratedMethodAccessor9.invoke(Unknown Source)
at java.base/jdk.internal.reflect.DelegatingMethodAccessorImpl.invoke(DelegatingMethodAccessorImpl.java:43)
at java.base/java.lang.reflect.Method.invoke(Method.java:566)
at org.openqa.selenium.support.events.EventFiringWebDriver.lambda$new$1(EventFiringWebDriver.java:105)
at com.sun.proxy.$Proxy13.findElement(Unknown Source)
at org.openqa.selenium.support.events.EventFiringWebDriver.findElement(EventFiringWebDriver.java:194)
at org.openqa.selenium.support.pagefactory.DefaultElementLocator.findElement(DefaultElementLocator.java:69)
at org.openqa.selenium.support.pagefactory.internal.LocatingElementHandler.invoke(LocatingElementHandler.java:38)
at com.sun.proxy.$Proxy17.getWrappedElement(Unknown Source)
at org.openqa.selenium.remote.internal.WebElementToJsonConverter.apply(WebElementToJsonConverter.java:50)
at java.base/java.util.stream.ReferencePipeline$3$1.accept(ReferencePipeline.java:195)
at java.base/java.util.Spliterators$ArraySpliterator.forEachRemaining(Spliterators.java:948)
at java.base/java.util.stream.AbstractPipeline.copyInto(AbstractPipeline.java:484)
at java.base/java.util.stream.AbstractPipeline.wrapAndCopyInto(AbstractPipeline.java:474)
at java.base/java.util.stream.ReduceOps$ReduceOp.evaluateSequential(ReduceOps.java:913)
at java.base/java.util.stream.AbstractPipeline.evaluate(AbstractPipeline.java:234)
at java.base/java.util.stream.ReferencePipeline.collect(ReferencePipeline.java:578)
at org.openqa.selenium.remote.RemoteWebDriver.executeScript(RemoteWebDriver.java:484)
at jdk.internal.reflect.GeneratedMethodAccessor16.invoke(Unknown Source)
at java.base/jdk.internal.reflect.DelegatingMethodAccessorImpl.invoke(DelegatingMethodAccessorImpl.java:43)
at java.base/java.lang.reflect.Method.invoke(Method.java:566)
at org.openqa.selenium.support.events.EventFiringWebDriver.lambda$new$1(EventFiringWebDriver.java:105)
at com.sun.proxy.$Proxy13.executeScript(Unknown Source)
at org.openqa.selenium.support.events.EventFiringWebDriver.executeScript(EventFiringWebDriver.java:229)
at com.udemy.qa.pages.UdemyBusinessPage.fillDemoRequestForm(UdemyBusinessPage.java:82)
at com.udemy.qa.testcases.UdemyBusinessPageTest.udemyBusinessDemoFormTest(UdemyBusinessPageTest.java:35)
at java.base/jdk.internal.reflect.NativeMethodAccessorImpl.invoke0(Native Method)
at java.base/jdk.internal.reflect.NativeMethodAccessorImpl.invoke(NativeMethodAccessorImpl.java:62)
at java.base/jdk.internal.reflect.DelegatingMethodAccessorImpl.invoke(DelegatingMethodAccessorImpl.java:43)
at java.base/java.lang.reflect.Method.invoke(Method.java:566)
at org.testng.internal.MethodInvocationHelper.invokeMethod(MethodInvocationHelper.java:134)
at org.testng.internal.TestInvoker.invokeMethod(TestInvoker.java:597)
at org.testng.internal.TestInvoker.invokeTestMethod(TestInvoker.java:173)
at org.testng.internal.MethodRunner.runInSequence(MethodRunner.java:46)
at org.testng.internal.TestInvoker$MethodInvocationAgent.invoke(TestInvoker.java:816)
at org.testng.internal.TestInvoker.invokeTestMethods(TestInvoker.java:146)
at org.testng.internal.TestMethodWorker.invokeTestMethods(TestMethodWorker.java:146)
at org.testng.internal.TestMethodWorker.run(TestMethodWorker.java:128)
at java.base/java.util.ArrayList.forEach(ArrayList.java:1540)
at org.testng.TestRunner.privateRun(TestRunner.java:766)
at org.testng.TestRunner.run(TestRunner.java:587)
at org.testng.SuiteRunner.runTest(SuiteRunner.java:384)
at org.testng.SuiteRunner.runSequentially(SuiteRunner.java:378)
at org.testng.SuiteRunner.privateRun(SuiteRunner.java:337)
at org.testng.SuiteRunner.run(SuiteRunner.java:286)
at org.testng.SuiteRunnerWorker.runSuite(SuiteRunnerWorker.java:53)
at org.testng.SuiteRunnerWorker.run(SuiteRunnerWorker.java:96)
at org.testng.TestNG.runSuitesSequentially(TestNG.java:1187)
at org.testng.TestNG.runSuitesLocally(TestNG.java:1109)
at org.testng.TestNG.runSuites(TestNG.java:1039)
at org.testng.TestNG.run(TestNG.java:1007)
at org.testng.remote.AbstractRemoteTestNG.run(AbstractRemoteTestNG.java:115)
at org.testng.remote.RemoteTestNG.initAndRun(RemoteTestNG.java:251)
at org.testng.remote.RemoteTestNG.main(RemoteTestNG.java:77)
]]>
            </full-stacktrace>
          </exception> <!-- org.openqa.selenium.NoSuchElementException -->
          <reporter-output>
          </reporter-output>
        </test-method> <!-- udemyBusinessDemoFormTest -->
        <test-method is-config="true" signature="tearDown()[pri:0, instance:com.udemy.qa.testcases.UdemyBusinessPageTest@4c1d9d4b]" started-at="2020-06-17T02:54:23 IST" name="tearDown" finished-at="2020-06-17T02:54:23 IST" duration-ms="132" status="PASS">
          <reporter-output>
          </reporter-output>
        </test-method> <!-- tearDown -->
      </class> <!-- com.udemy.qa.testcases.UdemyBusinessPageTest -->
      <class name="com.udemy.qa.testcases.SearchResultsPageTest">
        <test-method is-config="true" signature="setUp()[pri:0, instance:com.udemy.qa.testcases.SearchResultsPageTest@12d4bf7e]" started-at="2020-06-17T02:51:43 IST" name="setUp" finished-at="2020-06-17T02:51:48 IST" duration-ms="4993" status="PASS">
          <reporter-output>
          </reporter-output>
        </test-method> <!-- setUp -->
        <test-method signature="verifySearchResultsPageTitleTest()[pri:1, instance:com.udemy.qa.testcases.SearchResultsPageTest@12d4bf7e]" started-at="2020-06-17T02:51:48 IST" name="verifySearchResultsPageTitleTest" finished-at="2020-06-17T02:51:48 IST" duration-ms="117" status="PASS">
          <reporter-output>
          </reporter-output>
        </test-method> <!-- verifySearchResultsPageTitleTest -->
        <test-method signature="expandLevelFilterListBoxTest()[pri:2, instance:com.udemy.qa.testcases.SearchResultsPageTest@12d4bf7e]" started-at="2020-06-17T02:51:48 IST" name="expandLevelFilterListBoxTest" finished-at="2020-06-17T02:51:50 IST" duration-ms="1882" status="PASS">
          <reporter-output>
          </reporter-output>
        </test-method> <!-- expandLevelFilterListBoxTest -->
        <test-method signature="applyBeginnerLevelFilterTest()[pri:3, instance:com.udemy.qa.testcases.SearchResultsPageTest@12d4bf7e]" started-at="2020-06-17T02:51:50 IST" name="applyBeginnerLevelFilterTest" finished-at="2020-06-17T02:51:50 IST" duration-ms="565" status="PASS">
          <reporter-output>
          </reporter-output>
        </test-method> <!-- applyBeginnerLevelFilterTest -->
        <test-method signature="expandLanguageFilterListBoxTest()[pri:4, instance:com.udemy.qa.testcases.SearchResultsPageTest@12d4bf7e]" started-at="2020-06-17T02:51:50 IST" name="expandLanguageFilterListBoxTest" finished-at="2020-06-17T02:51:51 IST" duration-ms="708" status="PASS">
          <reporter-output>
          </reporter-output>
        </test-method> <!-- expandLanguageFilterListBoxTest -->
        <test-method signature="applyEnglishLanguageFilterTest()[pri:5, instance:com.udemy.qa.testcases.SearchResultsPageTest@12d4bf7e]" started-at="2020-06-17T02:51:51 IST" name="applyEnglishLanguageFilterTest" finished-at="2020-06-17T02:51:52 IST" duration-ms="992" status="PASS">
          <reporter-output>
          </reporter-output>
        </test-method> <!-- applyEnglishLanguageFilterTest -->
        <test-method signature="closeFilterButtonTest()[pri:6, instance:com.udemy.qa.testcases.SearchResultsPageTest@12d4bf7e]" started-at="2020-06-17T02:51:52 IST" name="closeFilterButtonTest" finished-at="2020-06-17T02:51:53 IST" duration-ms="1247" status="PASS">
          <reporter-output>
          </reporter-output>
        </test-method> <!-- closeFilterButtonTest -->
        <test-method signature="getFilteredListOfCoursesTest()[pri:7, instance:com.udemy.qa.testcases.SearchResultsPageTest@12d4bf7e]" started-at="2020-06-17T02:51:53 IST" name="getFilteredListOfCoursesTest" finished-at="2020-06-17T02:51:55 IST" duration-ms="2001" status="PASS">
          <reporter-output>
          </reporter-output>
        </test-method> <!-- getFilteredListOfCoursesTest -->
        <test-method is-config="true" signature="tearDown()[pri:0, instance:com.udemy.qa.testcases.SearchResultsPageTest@12d4bf7e]" started-at="2020-06-17T02:51:55 IST" name="tearDown" finished-at="2020-06-17T02:51:55 IST" duration-ms="195" status="PASS">
          <reporter-output>
          </reporter-output>
        </test-method> <!-- tearDown -->
      </class> <!-- com.udemy.qa.testcases.SearchResultsPageTest -->
      <class name="com.udemy.qa.testcases.HomePageTest">
        <test-method is-config="true" signature="setUp()[pri:0, instance:com.udemy.qa.testcases.HomePageTest@14d3bc22]" started-at="2020-06-17T02:51:33 IST" name="setUp" finished-at="2020-06-17T02:51:39 IST" duration-ms="5440" status="PASS">
          <reporter-output>
          </reporter-output>
        </test-method> <!-- setUp -->
        <test-method signature="searchBoxTest(java.lang.String)[pri:1, instance:com.udemy.qa.testcases.HomePageTest@14d3bc22]" started-at="2020-06-17T02:51:39 IST" name="searchBoxTest" data-provider="getSearchDataFromExcel" finished-at="2020-06-17T02:51:43 IST" duration-ms="3225" status="PASS">
          <params>
            <param index="0">
              <value>
                <![CDATA[web development]]>
              </value>
            </param>
          </params>
          <reporter-output>
          </reporter-output>
        </test-method> <!-- searchBoxTest -->
        <test-method signature="verifySearchResultsPageTitleTest()[pri:2, instance:com.udemy.qa.testcases.HomePageTest@14d3bc22]" started-at="2020-06-17T02:51:43 IST" name="verifySearchResultsPageTitleTest" finished-at="2020-06-17T02:51:43 IST" duration-ms="46" status="PASS">
          <reporter-output>
          </reporter-output>
        </test-method> <!-- verifySearchResultsPageTitleTest -->
        <test-method is-config="true" signature="closeBrowser()[pri:0, instance:com.udemy.qa.testcases.HomePageTest@14d3bc22]" started-at="2020-06-17T02:51:43 IST" name="closeBrowser" finished-at="2020-06-17T02:51:43 IST" duration-ms="126" status="PASS">
          <reporter-output>
          </reporter-output>
        </test-method> <!-- closeBrowser -->
      </class> <!-- com.udemy.qa.testcases.HomePageTest -->
    </test> <!-- Udemy Application TestCases -->
  </suite> <!-- Udemy Automation Suite -->
</testng-results>
